<?xml version="1.0" encoding="UTF-8"?>
<testsuite name="SignatureDetectionEngineTest" tests="2" skipped="0" failures="0" errors="0" timestamp="2025-05-25T12:35:13" hostname="SHANTANUCSD" time="0.03">
  <properties/>
  <testcase name="testScanFile()" classname="SignatureDetectionEngineTest" time="0.025"/>
  <testcase name="testGetThreatSignatures()" classname="SignatureDetectionEngineTest" time="0.003"/>
  <system-out><![CDATA[]]></system-out>
  <system-err><![CDATA[]]></system-err>
</testsuite>
